2024-12-12 21:13:35,074 - INFO - 1 orders canceled.
2024-12-12 21:28:50,701 - INFO - Running cinema_app.tasks.cancel_unpaid_orders
2024-12-12 21:28:50,703 - INFO - 0 orders canceled.
2024-12-12 21:28:50,721 - INFO - Ran task and deleting cinema_app.tasks.cancel_unpaid_orders
2024-12-12 21:32:11,503 - INFO - Running cinema_app.tasks.cancel_unpaid_orders
2024-12-12 21:32:11,517 - INFO - 1 orders canceled.
2024-12-12 21:32:11,536 - INFO - Ran task and deleting cinema_app.tasks.cancel_unpaid_orders
2024-12-12 22:32:10,368 - INFO - Running cinema_app.tasks.cancel_unpaid_orders
2024-12-12 22:32:10,371 - INFO - 0 orders canceled.
2024-12-12 22:32:10,390 - INFO - Ran task and deleting cinema_app.tasks.cancel_unpaid_orders
2024-12-12 23:32:14,266 - INFO - Running cinema_app.tasks.cancel_unpaid_orders
2024-12-12 23:32:14,268 - INFO - 0 orders canceled.
2024-12-12 23:32:14,286 - INFO - Ran task and deleting cinema_app.tasks.cancel_unpaid_orders
2024-12-13 00:32:13,109 - INFO - Running cinema_app.tasks.cancel_unpaid_orders
2024-12-13 00:32:13,111 - INFO - 0 orders canceled.
2024-12-13 00:32:13,129 - INFO - Ran task and deleting cinema_app.tasks.cancel_unpaid_orders
2024-12-13 01:32:13,152 - INFO - Running cinema_app.tasks.cancel_unpaid_orders
2024-12-13 01:32:13,173 - INFO - 0 orders canceled.
2024-12-13 01:32:13,213 - INFO - Ran task and deleting cinema_app.tasks.cancel_unpaid_orders
2024-12-13 02:32:11,461 - INFO - Running cinema_app.tasks.cancel_unpaid_orders
2024-12-13 02:32:11,463 - INFO - 0 orders canceled.
2024-12-13 02:32:11,482 - INFO - Ran task and deleting cinema_app.tasks.cancel_unpaid_orders
2024-12-13 03:32:10,740 - INFO - Running cinema_app.tasks.cancel_unpaid_orders
2024-12-13 03:32:10,742 - INFO - 0 orders canceled.
2024-12-13 03:32:10,763 - INFO - Ran task and deleting cinema_app.tasks.cancel_unpaid_orders
2024-12-13 04:32:14,376 - INFO - Running cinema_app.tasks.cancel_unpaid_orders
2024-12-13 04:32:14,385 - INFO - 0 orders canceled.
2024-12-13 04:32:14,410 - INFO - Ran task and deleting cinema_app.tasks.cancel_unpaid_orders
2024-12-13 05:32:13,028 - INFO - Running cinema_app.tasks.cancel_unpaid_orders
2024-12-13 05:32:13,117 - INFO - 0 orders canceled.
2024-12-13 05:32:13,227 - INFO - Ran task and deleting cinema_app.tasks.cancel_unpaid_orders
2024-12-13 06:32:14,643 - INFO - Running cinema_app.tasks.cancel_unpaid_orders
2024-12-13 06:32:14,647 - INFO - 0 orders canceled.
2024-12-13 06:32:14,667 - INFO - Ran task and deleting cinema_app.tasks.cancel_unpaid_orders
2024-12-13 07:32:12,164 - INFO - Running cinema_app.tasks.cancel_unpaid_orders
2024-12-13 07:32:12,190 - INFO - 0 orders canceled.
2024-12-13 07:32:12,226 - INFO - Ran task and deleting cinema_app.tasks.cancel_unpaid_orders
2024-12-13 08:32:14,596 - INFO - Running cinema_app.tasks.cancel_unpaid_orders
2024-12-13 08:32:14,619 - INFO - 0 orders canceled.
2024-12-13 08:32:14,637 - INFO - Ran task and deleting cinema_app.tasks.cancel_unpaid_orders
2024-12-13 09:32:12,776 - INFO - Running cinema_app.tasks.cancel_unpaid_orders
2024-12-13 09:32:12,796 - INFO - 0 orders canceled.
2024-12-13 09:32:12,837 - INFO - Ran task and deleting cinema_app.tasks.cancel_unpaid_orders
2024-12-13 10:32:10,923 - INFO - Running cinema_app.tasks.cancel_unpaid_orders
2024-12-13 10:32:10,932 - INFO - 0 orders canceled.
2024-12-13 10:32:10,960 - INFO - Ran task and deleting cinema_app.tasks.cancel_unpaid_orders
2024-12-13 11:32:14,630 - INFO - Running cinema_app.tasks.cancel_unpaid_orders
2024-12-13 11:32:14,650 - INFO - 0 orders canceled.
2024-12-13 11:32:14,688 - INFO - Ran task and deleting cinema_app.tasks.cancel_unpaid_orders
2024-12-13 12:32:13,603 - INFO - Running cinema_app.tasks.cancel_unpaid_orders
2024-12-13 12:32:13,625 - INFO - 0 orders canceled.
2024-12-13 12:32:13,666 - INFO - Ran task and deleting cinema_app.tasks.cancel_unpaid_orders
2024-12-13 13:32:12,152 - INFO - Running cinema_app.tasks.cancel_unpaid_orders
2024-12-13 13:32:12,236 - INFO - 0 orders canceled.
2024-12-13 13:32:12,422 - INFO - Ran task and deleting cinema_app.tasks.cancel_unpaid_orders
2024-12-13 14:32:12,594 - INFO - Running cinema_app.tasks.cancel_unpaid_orders
2024-12-13 14:32:12,618 - INFO - 0 orders canceled.
2024-12-13 14:32:12,659 - INFO - Ran task and deleting cinema_app.tasks.cancel_unpaid_orders
2024-12-13 15:32:14,484 - INFO - Running cinema_app.tasks.cancel_unpaid_orders
2024-12-13 15:32:14,505 - INFO - 0 orders canceled.
2024-12-13 15:32:14,552 - INFO - Ran task and deleting cinema_app.tasks.cancel_unpaid_orders
2024-12-13 16:32:14,106 - INFO - Running cinema_app.tasks.cancel_unpaid_orders
2024-12-13 16:32:14,130 - INFO - 0 orders canceled.
2024-12-13 16:32:14,179 - INFO - Ran task and deleting cinema_app.tasks.cancel_unpaid_orders
2024-12-13 17:32:10,437 - INFO - Running cinema_app.tasks.cancel_unpaid_orders
2024-12-13 17:32:10,462 - INFO - 0 orders canceled.
2024-12-13 17:32:10,506 - INFO - Ran task and deleting cinema_app.tasks.cancel_unpaid_orders
2024-12-13 18:32:10,877 - INFO - Running cinema_app.tasks.cancel_unpaid_orders
2024-12-13 18:32:10,910 - INFO - 0 orders canceled.
2024-12-13 18:32:10,974 - INFO - Ran task and deleting cinema_app.tasks.cancel_unpaid_orders
2024-12-13 20:47:08,996 - INFO - Running cinema_app.tasks.cancel_unpaid_orders
2024-12-13 20:47:09,009 - INFO - Canceled 1 unpaid orders. Order IDs: [1]
2024-12-13 20:47:09,028 - INFO - Ran task and deleting cinema_app.tasks.cancel_unpaid_orders
2024-12-13 21:32:12,624 - INFO - Running cinema_app.tasks.cancel_unpaid_orders
2024-12-13 21:32:12,638 - INFO - Canceled 1 unpaid orders. Order IDs: [1]
2024-12-13 21:32:12,657 - INFO - Ran task and deleting cinema_app.tasks.cancel_unpaid_orders
2024-12-13 22:32:14,442 - INFO - Running cinema_app.tasks.cancel_unpaid_orders
2024-12-13 22:32:14,443 - INFO - Canceled 0 unpaid orders. Order IDs: []
2024-12-13 22:32:14,462 - INFO - Ran task and deleting cinema_app.tasks.cancel_unpaid_orders
2024-12-13 23:32:11,176 - INFO - Running cinema_app.tasks.cancel_unpaid_orders
2024-12-13 23:32:11,178 - INFO - Canceled 0 unpaid orders. Order IDs: []
2024-12-13 23:32:11,195 - INFO - Ran task and deleting cinema_app.tasks.cancel_unpaid_orders
2024-12-14 00:32:12,880 - INFO - Running cinema_app.tasks.cancel_unpaid_orders
2024-12-14 00:32:12,882 - INFO - Canceled 0 unpaid orders. Order IDs: []
2024-12-14 00:32:12,899 - INFO - Ran task and deleting cinema_app.tasks.cancel_unpaid_orders
2024-12-14 01:32:14,807 - INFO - Running cinema_app.tasks.cancel_unpaid_orders
2024-12-14 01:32:14,809 - INFO - Canceled 0 unpaid orders. Order IDs: []
2024-12-14 01:32:14,826 - INFO - Ran task and deleting cinema_app.tasks.cancel_unpaid_orders
2024-12-14 02:32:11,862 - INFO - Running cinema_app.tasks.cancel_unpaid_orders
2024-12-14 02:32:11,864 - INFO - Canceled 0 unpaid orders. Order IDs: []
2024-12-14 02:32:11,882 - INFO - Ran task and deleting cinema_app.tasks.cancel_unpaid_orders
2024-12-14 03:32:13,534 - INFO - Running cinema_app.tasks.cancel_unpaid_orders
2024-12-14 03:32:13,536 - INFO - Canceled 0 unpaid orders. Order IDs: []
2024-12-14 03:32:13,556 - INFO - Ran task and deleting cinema_app.tasks.cancel_unpaid_orders
2024-12-14 04:32:10,194 - INFO - Running cinema_app.tasks.cancel_unpaid_orders
2024-12-14 04:32:10,196 - INFO - Canceled 0 unpaid orders. Order IDs: []
2024-12-14 04:32:10,219 - INFO - Ran task and deleting cinema_app.tasks.cancel_unpaid_orders
2024-12-14 05:32:12,018 - INFO - Running cinema_app.tasks.cancel_unpaid_orders
2024-12-14 05:32:12,020 - INFO - Canceled 0 unpaid orders. Order IDs: []
2024-12-14 05:32:12,036 - INFO - Ran task and deleting cinema_app.tasks.cancel_unpaid_orders
2024-12-14 06:32:13,657 - INFO - Running cinema_app.tasks.cancel_unpaid_orders
2024-12-14 06:32:13,659 - INFO - Canceled 0 unpaid orders. Order IDs: []
2024-12-14 06:32:13,677 - INFO - Ran task and deleting cinema_app.tasks.cancel_unpaid_orders
2024-12-14 07:32:10,169 - INFO - Running cinema_app.tasks.cancel_unpaid_orders
2024-12-14 07:32:10,171 - INFO - Canceled 0 unpaid orders. Order IDs: []
2024-12-14 07:32:10,187 - INFO - Ran task and deleting cinema_app.tasks.cancel_unpaid_orders
2024-12-14 08:32:11,882 - INFO - Running cinema_app.tasks.cancel_unpaid_orders
2024-12-14 08:32:11,884 - INFO - Canceled 0 unpaid orders. Order IDs: []
2024-12-14 08:32:11,904 - INFO - Ran task and deleting cinema_app.tasks.cancel_unpaid_orders
2024-12-14 09:32:13,451 - INFO - Running cinema_app.tasks.cancel_unpaid_orders
2024-12-14 09:32:13,453 - INFO - Canceled 0 unpaid orders. Order IDs: []
2024-12-14 09:32:13,469 - INFO - Ran task and deleting cinema_app.tasks.cancel_unpaid_orders
2024-12-14 10:32:10,032 - INFO - Running cinema_app.tasks.cancel_unpaid_orders
2024-12-14 10:32:10,034 - INFO - Canceled 0 unpaid orders. Order IDs: []
2024-12-14 10:32:10,054 - INFO - Ran task and deleting cinema_app.tasks.cancel_unpaid_orders
2024-12-14 11:32:11,964 - INFO - Running cinema_app.tasks.cancel_unpaid_orders
2024-12-14 11:32:11,965 - INFO - Canceled 0 unpaid orders. Order IDs: []
2024-12-14 11:32:11,984 - INFO - Ran task and deleting cinema_app.tasks.cancel_unpaid_orders
2024-12-14 12:32:13,876 - INFO - Running cinema_app.tasks.cancel_unpaid_orders
2024-12-14 12:32:13,878 - INFO - Canceled 0 unpaid orders. Order IDs: []
2024-12-14 12:32:13,895 - INFO - Ran task and deleting cinema_app.tasks.cancel_unpaid_orders
2024-12-14 13:32:10,842 - INFO - Running cinema_app.tasks.cancel_unpaid_orders
2024-12-14 13:32:10,843 - INFO - Canceled 0 unpaid orders. Order IDs: []
2024-12-14 13:32:10,860 - INFO - Ran task and deleting cinema_app.tasks.cancel_unpaid_orders
