From https://github.com/ALuiell/Cinema
 * branch            master     -> FETCH_HEAD
error: Your local changes to the following files would be overwritten by merge:
	db.sqlite3
Please commit your changes or stash them before you merge.
Aborting
Updating 0c405a7..1e74ef1
[Tue Nov  5 23:47:23 UTC 2024] Ошибка: не удалось выполнить git pull.

0 static files copied to '/home/aluiel3/cinema/staticfiles', 150 unmodified.
[Tue Nov  5 23:47:24 UTC 2024] Статические файлы собраны.
From https://github.com/ALuiell/Cinema
 * branch            master     -> FETCH_HEAD
Already up to date.
[Wed Nov  6 07:02:22 UTC 2024] Успешное обновление из репозитория.

0 static files copied to '/home/aluiel3/cinema/staticfiles', 150 unmodified.
[Wed Nov  6 07:02:35 UTC 2024] Статические файлы собраны.
From https://github.com/ALuiell/Cinema
 * branch            master     -> FETCH_HEAD
Already up to date.
[Thu Nov  7 07:02:31 UTC 2024] Успешное обновление из репозитория.

0 static files copied to '/home/aluiel3/cinema/staticfiles', 150 unmodified.
[Thu Nov  7 07:02:41 UTC 2024] Статические файлы собраны.
From https://github.com/ALuiell/Cinema
 * branch            master     -> FETCH_HEAD
Already up to date.
[Fri Nov  8 07:02:21 UTC 2024] Успешное обновление из репозитория.

0 static files copied to '/home/aluiel3/cinema/staticfiles', 150 unmodified.
[Fri Nov  8 07:02:30 UTC 2024] Статические файлы собраны.
From https://github.com/ALuiell/Cinema
 * branch            master     -> FETCH_HEAD
Already up to date.
[Sat Nov  9 07:02:20 UTC 2024] Успешное обновление из репозитория.

0 static files copied to '/home/aluiel3/cinema/staticfiles', 150 unmodified.
[Sat Nov  9 07:02:30 UTC 2024] Статические файлы собраны.
From https://github.com/ALuiell/Cinema
 * branch            master     -> FETCH_HEAD
   3383ece..22bd8a9  master     -> origin/master
Updating 3383ece..22bd8a9
Fast-forward
 cinema_app/views.py                               |   5 +----
 db.sqlite3                                        | Bin 360448 -> 360448 bytes
 templates/cinema_app/filter_bar_session_list.html |   4 ++--
 templates/cinema_app/movie_list.html              |  22 +++++++---------------
 4 files changed, 10 insertions(+), 21 deletions(-)
[Sun Nov 10 07:02:27 UTC 2024] Успешное обновление из репозитория.

0 static files copied to '/home/aluiel3/cinema/staticfiles', 150 unmodified.
[Sun Nov 10 07:02:35 UTC 2024] Статические файлы собраны.
From https://github.com/ALuiell/Cinema
 * branch            master     -> FETCH_HEAD
   fef596c..ba42deb  master     -> origin/master
Updating fef596c..ba42deb
Fast-forward
 README.md | 1 +
 1 file changed, 1 insertion(+)
 create mode 100644 README.md
[Mon Nov 11 07:02:26 UTC 2024] Успешное обновление из репозитория.

0 static files copied to '/home/aluiel3/cinema/staticfiles', 150 unmodified.
[Mon Nov 11 07:02:32 UTC 2024] Статические файлы собраны.
From https://github.com/ALuiell/Cinema
 * branch            master     -> FETCH_HEAD
   ba42deb..e099446  master     -> origin/master
Updating ba42deb..e099446
Fast-forward
 README.md | 1 +
 1 file changed, 1 insertion(+)
[Tue Nov 12 07:02:25 UTC 2024] Успешное обновление из репозитория.

0 static files copied to '/home/aluiel3/cinema/staticfiles', 150 unmodified.
[Tue Nov 12 07:02:34 UTC 2024] Статические файлы собраны.
From https://github.com/ALuiell/Cinema
 * branch            master     -> FETCH_HEAD
Already up to date.
[Wed Nov 13 07:02:24 UTC 2024] Успешное обновление из репозитория.

0 static files copied to '/home/aluiel3/cinema/staticfiles', 150 unmodified.
[Wed Nov 13 07:02:29 UTC 2024] Статические файлы собраны.
From https://github.com/ALuiell/Cinema
 * branch            master     -> FETCH_HEAD
   e099446..606d4a0  master     -> origin/master
Updating e099446..606d4a0
Fast-forward
 cinema_app/urls.py                              |  3 +-
 cinema_app/views.py                             | 63 ++++++++++++++-----------
 templates/cinema_app/filter_bar_movie_list.html | 61 ++++++++++++++++--------
 templates/cinema_app/movie_list.html            |  2 +
 templates/cinema_app/paginator.html             | 29 ++++++++++++
 templates/cinema_app/session_list.html          | 19 +++++---
 6 files changed, 122 insertions(+), 55 deletions(-)
 create mode 100644 templates/cinema_app/paginator.html
[Thu Nov 14 07:02:26 UTC 2024] Успешное обновление из репозитория.

0 static files copied to '/home/aluiel3/cinema/staticfiles', 150 unmodified.
[Thu Nov 14 07:02:32 UTC 2024] Статические файлы собраны.
From https://github.com/ALuiell/Cinema
 * branch            master     -> FETCH_HEAD
Already up to date.
[Fri Nov 15 07:02:19 UTC 2024] Успешное обновление из репозитория.

0 static files copied to '/home/aluiel3/cinema/staticfiles', 150 unmodified.
[Fri Nov 15 07:02:24 UTC 2024] Статические файлы собраны.
From https://github.com/ALuiell/Cinema
 * branch            master     -> FETCH_HEAD
Already up to date.
[Sat Nov 16 07:02:17 UTC 2024] Успешное обновление из репозитория.

0 static files copied to '/home/aluiel3/cinema/staticfiles', 150 unmodified.
[Sat Nov 16 07:02:24 UTC 2024] Статические файлы собраны.
From https://github.com/ALuiell/Cinema
 * branch            master     -> FETCH_HEAD
   48090bd..24b9256  master     -> origin/master
error: Your local changes to the following files would be overwritten by merge:
	db.sqlite3
Please commit your changes or stash them before you merge.
Aborting
Updating 48090bd..24b9256
[Sun Nov 17 07:02:27 UTC 2024] Ошибка: не удалось выполнить git pull.

0 static files copied to '/home/aluiel3/cinema/staticfiles', 150 unmodified.
[Sun Nov 17 07:02:37 UTC 2024] Статические файлы собраны.
From https://github.com/ALuiell/Cinema
 * branch            master     -> FETCH_HEAD
   24b9256..bf67c0f  master     -> origin/master
error: Your local changes to the following files would be overwritten by merge:
	db.sqlite3
	templates/registration/login.html
Please commit your changes or stash them before you merge.
Aborting
Updating 48090bd..bf67c0f
[Mon Nov 18 07:02:23 UTC 2024] Ошибка: не удалось выполнить git pull.

0 static files copied to '/home/aluiel3/cinema/staticfiles', 150 unmodified.
[Mon Nov 18 07:02:30 UTC 2024] Статические файлы собраны.
From https://github.com/ALuiell/Cinema
 * branch            master     -> FETCH_HEAD
error: Your local changes to the following files would be overwritten by merge:
	db.sqlite3
	templates/registration/login.html
Please commit your changes or stash them before you merge.
Aborting
Updating 48090bd..bf67c0f
[Tue Nov 19 07:02:23 UTC 2024] Ошибка: не удалось выполнить git pull.

0 static files copied to '/home/aluiel3/cinema/staticfiles', 150 unmodified.
[Tue Nov 19 07:02:30 UTC 2024] Статические файлы собраны.
From https://github.com/ALuiell/Cinema
 * branch            master     -> FETCH_HEAD
   bf67c0f..6101bc8  master     -> origin/master
error: Your local changes to the following files would be overwritten by merge:
	db.sqlite3
	templates/registration/login.html
Please commit your changes or stash them before you merge.
Aborting
Updating 48090bd..6101bc8
[Wed Nov 20 07:02:23 UTC 2024] Ошибка: не удалось выполнить git pull.

0 static files copied to '/home/aluiel3/cinema/staticfiles', 150 unmodified.
[Wed Nov 20 07:02:33 UTC 2024] Статические файлы собраны.
From https://github.com/ALuiell/Cinema
 * branch            master     -> FETCH_HEAD
error: Your local changes to the following files would be overwritten by merge:
	db.sqlite3
	templates/registration/login.html
Please commit your changes or stash them before you merge.
Aborting
Updating 48090bd..6101bc8
[Thu Nov 21 07:02:23 UTC 2024] Ошибка: не удалось выполнить git pull.

0 static files copied to '/home/aluiel3/cinema/staticfiles', 150 unmodified.
[Thu Nov 21 07:02:31 UTC 2024] Статические файлы собраны.
From https://github.com/ALuiell/Cinema
 * branch            master     -> FETCH_HEAD
error: Your local changes to the following files would be overwritten by merge:
	db.sqlite3
	templates/registration/login.html
Please commit your changes or stash them before you merge.
Aborting
Updating 48090bd..6101bc8
[Fri Nov 22 07:02:53 UTC 2024] Ошибка: не удалось выполнить git pull.

0 static files copied to '/home/aluiel3/cinema/staticfiles', 150 unmodified.
[Fri Nov 22 07:03:52 UTC 2024] Статические файлы собраны.
From https://github.com/ALuiell/Cinema
 * branch            master     -> FETCH_HEAD
   6101bc8..2fe844c  master     -> origin/master
error: Your local changes to the following files would be overwritten by merge:
	db.sqlite3
	templates/registration/login.html
Please commit your changes or stash them before you merge.
Aborting
Updating 48090bd..2fe844c
[Sat Nov 23 07:02:21 UTC 2024] Ошибка: не удалось выполнить git pull.

0 static files copied to '/home/aluiel3/cinema/staticfiles', 150 unmodified.
[Sat Nov 23 07:02:28 UTC 2024] Статические файлы собраны.
From https://github.com/ALuiell/Cinema
 * branch            master     -> FETCH_HEAD
error: Your local changes to the following files would be overwritten by merge:
	db.sqlite3
	templates/registration/login.html
Please commit your changes or stash them before you merge.
Aborting
Updating 48090bd..2fe844c
[Sun Nov 24 07:02:24 UTC 2024] Ошибка: не удалось выполнить git pull.

0 static files copied to '/home/aluiel3/cinema/staticfiles', 150 unmodified.
[Sun Nov 24 07:02:31 UTC 2024] Статические файлы собраны.
From https://github.com/ALuiell/Cinema
 * branch            master     -> FETCH_HEAD
error: Your local changes to the following files would be overwritten by merge:
	db.sqlite3
	templates/registration/login.html
Please commit your changes or stash them before you merge.
Aborting
Updating 48090bd..2fe844c
[Mon Nov 25 07:02:27 UTC 2024] Ошибка: не удалось выполнить git pull.

0 static files copied to '/home/aluiel3/cinema/staticfiles', 150 unmodified.
[Mon Nov 25 07:02:37 UTC 2024] Статические файлы собраны.
From https://github.com/ALuiell/Cinema
 * branch            master     -> FETCH_HEAD
error: Your local changes to the following files would be overwritten by merge:
	db.sqlite3
	templates/registration/login.html
Please commit your changes or stash them before you merge.
Aborting
Updating 48090bd..2fe844c
[Tue Nov 26 07:02:23 UTC 2024] Ошибка: не удалось выполнить git pull.

0 static files copied to '/home/aluiel3/cinema/staticfiles', 150 unmodified.
[Tue Nov 26 07:02:33 UTC 2024] Статические файлы собраны.
From https://github.com/ALuiell/Cinema
 * branch            master     -> FETCH_HEAD
error: Your local changes to the following files would be overwritten by merge:
	db.sqlite3
	templates/registration/login.html
Please commit your changes or stash them before you merge.
Aborting
Updating 48090bd..2fe844c
[Wed Nov 27 07:02:29 UTC 2024] Ошибка: не удалось выполнить git pull.

0 static files copied to '/home/aluiel3/cinema/staticfiles', 150 unmodified.
[Wed Nov 27 07:02:36 UTC 2024] Статические файлы собраны.
From https://github.com/ALuiell/Cinema
 * branch            master     -> FETCH_HEAD
error: Your local changes to the following files would be overwritten by merge:
	db.sqlite3
	templates/registration/login.html
Please commit your changes or stash them before you merge.
Aborting
Updating 48090bd..2fe844c
[Thu Nov 28 07:02:20 UTC 2024] Ошибка: не удалось выполнить git pull.

0 static files copied to '/home/aluiel3/cinema/staticfiles', 150 unmodified.
[Thu Nov 28 07:02:33 UTC 2024] Статические файлы собраны.
From https://github.com/ALuiell/Cinema
 * branch            master     -> FETCH_HEAD
error: Your local changes to the following files would be overwritten by merge:
	db.sqlite3
	templates/registration/login.html
Please commit your changes or stash them before you merge.
Aborting
Updating 48090bd..2fe844c
[Fri Nov 29 07:02:29 UTC 2024] Ошибка: не удалось выполнить git pull.

0 static files copied to '/home/aluiel3/cinema/staticfiles', 150 unmodified.
[Fri Nov 29 07:02:38 UTC 2024] Статические файлы собраны.
From https://github.com/ALuiell/Cinema
 * branch            master     -> FETCH_HEAD
error: Your local changes to the following files would be overwritten by merge:
	db.sqlite3
	templates/registration/login.html
Please commit your changes or stash them before you merge.
Aborting
Updating 48090bd..2fe844c
[Sat Nov 30 07:02:30 UTC 2024] Ошибка: не удалось выполнить git pull.

0 static files copied to '/home/aluiel3/cinema/staticfiles', 150 unmodified.
[Sat Nov 30 07:02:40 UTC 2024] Статические файлы собраны.
From https://github.com/ALuiell/Cinema
 * branch            master     -> FETCH_HEAD
error: Your local changes to the following files would be overwritten by merge:
	db.sqlite3
	templates/registration/login.html
Please commit your changes or stash them before you merge.
Aborting
Updating 48090bd..2fe844c
[Sun Dec  1 07:02:24 UTC 2024] Ошибка: не удалось выполнить git pull.

0 static files copied to '/home/aluiel3/cinema/staticfiles', 150 unmodified.
[Sun Dec  1 07:02:38 UTC 2024] Статические файлы собраны.
From https://github.com/ALuiell/Cinema
 * branch            master     -> FETCH_HEAD
error: Your local changes to the following files would be overwritten by merge:
	db.sqlite3
	templates/registration/login.html
Please commit your changes or stash them before you merge.
Aborting
Updating 48090bd..2fe844c
[Mon Dec  2 07:02:29 UTC 2024] Ошибка: не удалось выполнить git pull.

0 static files copied to '/home/aluiel3/cinema/staticfiles', 150 unmodified.
[Mon Dec  2 07:02:40 UTC 2024] Статические файлы собраны.
From https://github.com/ALuiell/Cinema
 * branch            master     -> FETCH_HEAD
error: Your local changes to the following files would be overwritten by merge:
	db.sqlite3
	templates/registration/login.html
Please commit your changes or stash them before you merge.
Aborting
Updating 48090bd..2fe844c
[Tue Dec  3 07:02:30 UTC 2024] Ошибка: не удалось выполнить git pull.

0 static files copied to '/home/aluiel3/cinema/staticfiles', 150 unmodified.
[Tue Dec  3 07:02:43 UTC 2024] Статические файлы собраны.
From https://github.com/ALuiell/Cinema
 * branch            master     -> FETCH_HEAD
error: Your local changes to the following files would be overwritten by merge:
	db.sqlite3
	templates/registration/login.html
Please commit your changes or stash them before you merge.
Aborting
Updating 48090bd..2fe844c
[Wed Dec  4 07:02:37 UTC 2024] Ошибка: не удалось выполнить git pull.

0 static files copied to '/home/aluiel3/cinema/staticfiles', 150 unmodified.
[Wed Dec  4 07:02:50 UTC 2024] Статические файлы собраны.
From https://github.com/ALuiell/Cinema
 * branch            master     -> FETCH_HEAD
error: Your local changes to the following files would be overwritten by merge:
	db.sqlite3
	templates/registration/login.html
Please commit your changes or stash them before you merge.
Aborting
Updating 48090bd..2fe844c
[Thu Dec  5 07:02:29 UTC 2024] Ошибка: не удалось выполнить git pull.

0 static files copied to '/home/aluiel3/cinema/staticfiles', 150 unmodified.
[Thu Dec  5 07:02:42 UTC 2024] Статические файлы собраны.
From https://github.com/ALuiell/Cinema
 * branch            master     -> FETCH_HEAD
error: Your local changes to the following files would be overwritten by merge:
	db.sqlite3
	templates/registration/login.html
Please commit your changes or stash them before you merge.
Aborting
Updating 48090bd..2fe844c
[Fri Dec  6 07:02:34 UTC 2024] Ошибка: не удалось выполнить git pull.

0 static files copied to '/home/aluiel3/cinema/staticfiles', 150 unmodified.
[Fri Dec  6 07:02:45 UTC 2024] Статические файлы собраны.
From https://github.com/ALuiell/Cinema
 * branch            master     -> FETCH_HEAD
error: Your local changes to the following files would be overwritten by merge:
	db.sqlite3
	templates/registration/login.html
Please commit your changes or stash them before you merge.
Aborting
Updating 48090bd..2fe844c
[Sat Dec  7 07:02:33 UTC 2024] Ошибка: не удалось выполнить git pull.

0 static files copied to '/home/aluiel3/cinema/staticfiles', 150 unmodified.
[Sat Dec  7 07:02:47 UTC 2024] Статические файлы собраны.
From https://github.com/ALuiell/Cinema
 * branch            master     -> FETCH_HEAD
error: Your local changes to the following files would be overwritten by merge:
	db.sqlite3
	templates/registration/login.html
Please commit your changes or stash them before you merge.
Aborting
Updating 48090bd..2fe844c
[Sun Dec  8 07:02:34 UTC 2024] Ошибка: не удалось выполнить git pull.

0 static files copied to '/home/aluiel3/cinema/staticfiles', 150 unmodified.
[Sun Dec  8 07:02:47 UTC 2024] Статические файлы собраны.
From https://github.com/ALuiell/Cinema
 * branch            master     -> FETCH_HEAD
error: Your local changes to the following files would be overwritten by merge:
	db.sqlite3
	templates/registration/login.html
Please commit your changes or stash them before you merge.
Aborting
Updating 48090bd..2fe844c
[Mon Dec  9 07:02:37 UTC 2024] Ошибка: не удалось выполнить git pull.

0 static files copied to '/home/aluiel3/cinema/staticfiles', 150 unmodified.
[Mon Dec  9 07:02:51 UTC 2024] Статические файлы собраны.
From https://github.com/ALuiell/Cinema
 * branch            master     -> FETCH_HEAD
Already up to date.
[Tue Dec 10 07:02:34 UTC 2024] Успешное обновление из репозитория.

1 static file copied to '/home/aluiel3/cinema/staticfiles', 149 unmodified.
[Tue Dec 10 07:02:53 UTC 2024] Статические файлы собраны.
From https://github.com/ALuiell/Cinema
 * branch            master     -> FETCH_HEAD
Already up to date.
[Wed Dec 11 07:02:33 UTC 2024] Успешное обновление из репозитория.

0 static files copied to '/home/aluiel3/cinema/staticfiles', 150 unmodified.
[Wed Dec 11 07:02:51 UTC 2024] Статические файлы собраны.
From https://github.com/ALuiell/Cinema
 * branch            master     -> FETCH_HEAD
Already up to date.
[Thu Dec 12 07:02:27 UTC 2024] Успешное обновление из репозитория.

0 static files copied to '/home/aluiel3/cinema/staticfiles', 150 unmodified.
[Thu Dec 12 07:02:45 UTC 2024] Статические файлы собраны.
error: Pulling is not possible because you have unmerged files.
hint: Fix them up in the work tree, and then use 'git add/rm <file>'
hint: as appropriate to mark resolution and make a commit.
fatal: Exiting because of an unresolved conflict.
[Fri Dec 13 07:02:28 UTC 2024] Ошибка: не удалось выполнить git pull.

0 static files copied to '/home/aluiel3/cinema/staticfiles', 150 unmodified.
[Fri Dec 13 07:02:37 UTC 2024] Статические файлы собраны.
